---- light / ericw-tools v0.18.1 ----
extra 4x4 sampling enabled
Raytracing backend: Embree
running with 12 threads
LoadBSPFile: 'crucible.bsp'
BSP is version 29
--- LoadEntities ---
346 entities read, 257 are lights.
--- OptionsSummary ---
Embree_TraceInit: Embree version: 2.15.0
Embree_TraceInit:
	81 sky faces
	7935 solid faces
	0 filtered faces
	0 shadow-casting skip faces
SetupLights: 257 initial lights
SetupLights: 257 after surface lights
SetupLights: 257 after jittering
--- EstimateLightVisibility ---
0....1....2....3....4....5....6....7....8....9....
Final count: 257 lights 0 suns in use.
Colored light entities/settings detected: .lit output enabled.
--- LightWorld ---
0....1....2....3....4....5....6....7....8....9....
Lighting Completed.

lightdatasize: 274476
Writing crucible.lit
0 switchable light styles (32 max)
Writing crucible.bsp as BSP version 29
2.312 seconds elapsed

stats:
13.139916 lights tested, 3.025922 hits per sample point
0.000000 bounce lights tested, 0.000000 hits per sample point
0 empty lightmaps
